<?xml version="1.0" encoding="UTF-8"?>
<testng-results ignored="0" total="2" passed="1" failed="1" skipped="0">
  <reporter-output>
  </reporter-output>
  <suite started-at="2022-01-02T17:17:35 IST" name="Suite" finished-at="2022-01-02T17:18:27 IST" duration-ms="52439">
    <groups>
      <group name="smoke">
        <method signature="IndexPageTest.verifylogo()[pri:0, instance:com.mystore.testcase.IndexPageTest@53976f5c]" name="verifylogo" class="com.mystore.testcase.IndexPageTest"/>
      </group> <!-- smoke -->
      <group name="Smoke">
        <method signature="IndexPageTest.verifyTitle()[pri:0, instance:com.mystore.testcase.IndexPageTest@53976f5c]" name="verifyTitle" class="com.mystore.testcase.IndexPageTest"/>
      </group> <!-- Smoke -->
    </groups>
    <test started-at="2022-01-02T17:17:35 IST" name="All Test" finished-at="2022-01-02T17:18:27 IST" duration-ms="52439">
      <class name="com.mystore.testcase.IndexPageTest">
        <test-method is-config="true" signature="loadConfig()[pri:0, instance:com.mystore.testcase.IndexPageTest@53976f5c]" started-at="2022-01-02T17:17:34 IST" name="loadConfig" finished-at="2022-01-02T17:17:35 IST" duration-ms="764" status="PASS">
          <reporter-output>
          </reporter-output>
        </test-method> <!-- loadConfig -->
        <test-method is-config="true" signature="luanchApp(java.lang.String)[pri:0, instance:com.mystore.testcase.IndexPageTest@53976f5c]" started-at="2022-01-02T17:17:35 IST" name="luanchApp" finished-at="2022-01-02T17:17:56 IST" duration-ms="21226" status="PASS">
          <params>
            <param index="0">
              <value>
                <![CDATA[Chrome]]>
              </value>
            </param>
          </params>
          <reporter-output>
          </reporter-output>
        </test-method> <!-- luanchApp -->
        <test-method signature="verifyTitle()[pri:0, instance:com.mystore.testcase.IndexPageTest@53976f5c]" started-at="2022-01-02T17:17:56 IST" name="verifyTitle" finished-at="2022-01-02T17:17:56 IST" duration-ms="18" status="FAIL">
          <exception class="java.lang.AssertionError">
            <message>
              <![CDATA[expected [My Store1] but found [My Store]]]>
            </message>
            <full-stacktrace>
              <![CDATA[java.lang.AssertionError: expected [My Store1] but found [My Store]
at org.testng.Assert.fail(Assert.java:97)
at org.testng.Assert.assertEqualsImpl(Assert.java:136)
at org.testng.Assert.assertEquals(Assert.java:118)
at org.testng.Assert.assertEquals(Assert.java:575)
at org.testng.Assert.assertEquals(Assert.java:585)
at com.mystore.testcase.IndexPageTest.verifyTitle(IndexPageTest.java:45)
at java.base/jdk.internal.reflect.NativeMethodAccessorImpl.invoke0(Native Method)
at java.base/jdk.internal.reflect.NativeMethodAccessorImpl.invoke(NativeMethodAccessorImpl.java:62)
at java.base/jdk.internal.reflect.DelegatingMethodAccessorImpl.invoke(DelegatingMethodAccessorImpl.java:43)
at java.base/java.lang.reflect.Method.invoke(Method.java:566)
at org.testng.internal.MethodInvocationHelper.invokeMethod(MethodInvocationHelper.java:134)
at org.testng.internal.TestInvoker.invokeMethod(TestInvoker.java:597)
at org.testng.internal.TestInvoker.invokeTestMethod(TestInvoker.java:173)
at org.testng.internal.MethodRunner.runInSequence(MethodRunner.java:46)
at org.testng.internal.TestInvoker$MethodInvocationAgent.invoke(TestInvoker.java:816)
at org.testng.internal.TestInvoker.invokeTestMethods(TestInvoker.java:146)
at org.testng.internal.TestMethodWorker.invokeTestMethods(TestMethodWorker.java:146)
at org.testng.internal.TestMethodWorker.run(TestMethodWorker.java:128)
at java.base/java.util.ArrayList.forEach(ArrayList.java:1540)
at org.testng.TestRunner.privateRun(TestRunner.java:766)
at org.testng.TestRunner.run(TestRunner.java:587)
at org.testng.SuiteRunner.runTest(SuiteRunner.java:384)
at org.testng.SuiteRunner.runSequentially(SuiteRunner.java:378)
at org.testng.SuiteRunner.privateRun(SuiteRunner.java:337)
at org.testng.SuiteRunner.run(SuiteRunner.java:286)
at org.testng.SuiteRunnerWorker.runSuite(SuiteRunnerWorker.java:53)
at org.testng.SuiteRunnerWorker.run(SuiteRunnerWorker.java:96)
at org.testng.TestNG.runSuitesSequentially(TestNG.java:1187)
at org.testng.TestNG.runSuitesLocally(TestNG.java:1109)
at org.testng.TestNG.runSuites(TestNG.java:1039)
at org.testng.TestNG.run(TestNG.java:1007)
at org.testng.remote.AbstractRemoteTestNG.run(AbstractRemoteTestNG.java:115)
at org.testng.remote.RemoteTestNG.initAndRun(RemoteTestNG.java:251)
at org.testng.remote.RemoteTestNG.main(RemoteTestNG.java:77)
]]>
            </full-stacktrace>
          </exception> <!-- java.lang.AssertionError -->
          <reporter-output>
          </reporter-output>
        </test-method> <!-- verifyTitle -->
        <test-method is-config="true" signature="teardown()[pri:0, instance:com.mystore.testcase.IndexPageTest@53976f5c]" started-at="2022-01-02T17:17:58 IST" name="teardown" finished-at="2022-01-02T17:17:58 IST" duration-ms="707" status="PASS">
          <reporter-output>
          </reporter-output>
        </test-method> <!-- teardown -->
        <test-method is-config="true" signature="luanchApp(java.lang.String)[pri:0, instance:com.mystore.testcase.IndexPageTest@53976f5c]" started-at="2022-01-02T17:17:58 IST" name="luanchApp" finished-at="2022-01-02T17:18:23 IST" duration-ms="25109" status="PASS">
          <params>
            <param index="0">
              <value>
                <![CDATA[Chrome]]>
              </value>
            </param>
          </params>
          <reporter-output>
          </reporter-output>
        </test-method> <!-- luanchApp -->
        <test-method signature="verifylogo()[pri:0, instance:com.mystore.testcase.IndexPageTest@53976f5c]" started-at="2022-01-02T17:18:23 IST" name="verifylogo" finished-at="2022-01-02T17:18:26 IST" duration-ms="2925" status="PASS">
          <reporter-output>
          </reporter-output>
        </test-method> <!-- verifylogo -->
        <test-method is-config="true" signature="teardown()[pri:0, instance:com.mystore.testcase.IndexPageTest@53976f5c]" started-at="2022-01-02T17:18:26 IST" name="teardown" finished-at="2022-01-02T17:18:27 IST" duration-ms="694" status="PASS">
          <reporter-output>
          </reporter-output>
        </test-method> <!-- teardown -->
        <test-method is-config="true" signature="afterSuite()[pri:0, instance:com.mystore.testcase.IndexPageTest@53976f5c]" started-at="2022-01-02T17:18:27 IST" name="afterSuite" finished-at="2022-01-02T17:18:28 IST" duration-ms="454" status="PASS">
          <reporter-output>
          </reporter-output>
        </test-method> <!-- afterSuite -->
      </class> <!-- com.mystore.testcase.IndexPageTest -->
    </test> <!-- All Test -->
  </suite> <!-- Suite -->
</testng-results>
